<?xml version="1.0" encoding="UTF-8"?>
<testsuite xmlns:xsi="http://www.w3.org/2001/XMLSchema-instance" xsi:noNamespaceSchemaLocation="https://maven.apache.org/surefire/maven-surefire-plugin/xsd/surefire-test-report.xsd" name="gtrb.mt.AppTest" time="0.08" tests="1" errors="0" skipped="0" failures="0">
  <properties>
    <property name="sun.desktop" value="windows"/>
    <property name="awt.toolkit" value="sun.awt.windows.WToolkit"/>
    <property name="file.encoding.pkg" value="sun.io"/>
    <property name="java.specification.version" value="1.8"/>
    <property name="sun.cpu.isalist" value="amd64"/>
    <property name="sun.jnu.encoding" value="GBK"/>
    <property name="java.class.path" value="D:\0WorkSpace\project\java\demo_12_maven_java_02\target\test-classes;D:\0WorkSpace\project\java\demo_12_maven_java_02\target\classes;D:\java\apache-maven-3.6.3\repository\junit\junit\4.11\junit-4.11.jar;D:\java\apache-maven-3.6.3\repository\org\hamcrest\hamcrest-core\1.3\hamcrest-core-1.3.jar;"/>
    <property name="java.vm.vendor" value="Oracle Corporation"/>
    <property name="sun.arch.data.model" value="64"/>
    <property name="user.variant" value=""/>
    <property name="java.vendor.url" value="http://java.oracle.com/"/>
    <property name="user.timezone" value="Asia/Shanghai"/>
    <property name="java.vm.specification.version" value="1.8"/>
    <property name="os.name" value="Windows 8.1"/>
    <property name="user.country" value="CN"/>
    <property name="sun.java.launcher" value="SUN_STANDARD"/>
    <property name="sun.boot.library.path" value="D:\java\jdk-1.8.0_31\jre\bin"/>
    <property name="sun.java.command" value="C:\Users\Lenovo\AppData\Local\Temp\surefire5937455385851104309\surefirebooter7161931218076679403.jar C:\Users\Lenovo\AppData\Local\Temp\surefire5937455385851104309 2022-12-02T14-41-38_759-jvmRun1 surefire7558199157070568043tmp surefire_04880598364079521632tmp"/>
    <property name="surefire.test.class.path" value="D:\0WorkSpace\project\java\demo_12_maven_java_02\target\test-classes;D:\0WorkSpace\project\java\demo_12_maven_java_02\target\classes;D:\java\apache-maven-3.6.3\repository\junit\junit\4.11\junit-4.11.jar;D:\java\apache-maven-3.6.3\repository\org\hamcrest\hamcrest-core\1.3\hamcrest-core-1.3.jar;"/>
    <property name="sun.cpu.endian" value="little"/>
    <property name="user.home" value="C:\Users\Lenovo"/>
    <property name="user.language" value="zh"/>
    <property name="java.specification.vendor" value="Oracle Corporation"/>
    <property name="java.home" value="D:\java\jdk-1.8.0_31\jre"/>
    <property name="basedir" value="D:\0WorkSpace\project\java\demo_12_maven_java_02"/>
    <property name="file.separator" value="\"/>
    <property name="line.separator" value="&#10;"/>
    <property name="java.vm.specification.vendor" value="Oracle Corporation"/>
    <property name="java.specification.name" value="Java Platform API Specification"/>
    <property name="java.awt.graphicsenv" value="sun.awt.Win32GraphicsEnvironment"/>
    <property name="idea.version2020.1.1" value="true"/>
    <property name="surefire.real.class.path" value="C:\Users\Lenovo\AppData\Local\Temp\surefire5937455385851104309\surefirebooter7161931218076679403.jar"/>
    <property name="sun.boot.class.path" value="D:\java\jdk-1.8.0_31\jre\lib\resources.jar;D:\java\jdk-1.8.0_31\jre\lib\rt.jar;D:\java\jdk-1.8.0_31\jre\lib\sunrsasign.jar;D:\java\jdk-1.8.0_31\jre\lib\jsse.jar;D:\java\jdk-1.8.0_31\jre\lib\jce.jar;D:\java\jdk-1.8.0_31\jre\lib\charsets.jar;D:\java\jdk-1.8.0_31\jre\lib\jfr.jar;D:\java\jdk-1.8.0_31\jre\classes"/>
    <property name="user.script" value=""/>
    <property name="sun.management.compiler" value="HotSpot 64-Bit Tiered Compilers"/>
    <property name="java.runtime.version" value="1.8.0_31-b13"/>
    <property name="user.name" value="Lenovo"/>
    <property name="path.separator" value=";"/>
    <property name="os.version" value="6.3"/>
    <property name="java.endorsed.dirs" value="D:\java\jdk-1.8.0_31\jre\lib\endorsed"/>
    <property name="java.runtime.name" value="Java(TM) SE Runtime Environment"/>
    <property name="file.encoding" value="GBK"/>
    <property name="java.vm.name" value="Java HotSpot(TM) 64-Bit Server VM"/>
    <property name="localRepository" value="D:\java\apache-maven-3.6.3\repository"/>
    <property name="java.vendor.url.bug" value="http://bugreport.sun.com/bugreport/"/>
    <property name="java.io.tmpdir" value="C:\Users\Lenovo\AppData\Local\Temp\"/>
    <property name="java.version" value="1.8.0_31"/>
    <property name="user.dir" value="D:\0WorkSpace\project\java\demo_12_maven_java_02"/>
    <property name="os.arch" value="amd64"/>
    <property name="java.vm.specification.name" value="Java Virtual Machine Specification"/>
    <property name="java.awt.printerjob" value="sun.awt.windows.WPrinterJob"/>
    <property name="sun.os.patch.level" value=""/>
    <property name="java.library.path" value="D:\java\jdk-1.8.0_31\jre\bin;C:\WINDOWS\Sun\Java\bin;C:\WINDOWS\system32;C:\WINDOWS;C:\Windows\system32;C:\Windows;C:\Windows\System32\Wbem;C:\Windows\System32\WindowsPowerShell\v1.0\;C:\Windows\System32\OpenSSH\;C:\Program Files (x86)\NVIDIA Corporation\PhysX\Common;C:\Program Files\NVIDIA Corporation\NVIDIA NvDLISR;C:\Program Files\TortoiseSVN\bin;C:\Program Files\Git\cmd;D:\java\jdk-1.8.0_31\bin;D:\java\jdk-1.8.0_31\jre\bin;D:\java\apache-maven-3.6.3\bin\;C:\Program Files\TortoiseGit\bin;D:\Program Files\redis_3.2.1\;C:\WINDOWS\system32;C:\WINDOWS;C:\WINDOWS\System32\Wbem;C:\WINDOWS\System32\WindowsPowerShell\v1.0\;C:\WINDOWS\System32\OpenSSH\;C:\Android;D:\dev\nvm;D:\dev\nodejs;C:\Users\Lenovo\AppData\Local\Programs\Python\Python39\Scripts\;C:\Users\Lenovo\AppData\Local\Programs\Python\Python39\;C:\Ruby25-x64\bin;C:\Users\Lenovo\AppData\Local\Microsoft\WindowsApps;C:\Users\Lenovo\AppData\Local\Programs\Microsoft VS Code\bin;D:\Program Files\IntelliJ IDEA Community Edition 2020.1.3\bin;D:\Program Files\IntelliJ IDEA 2020.1.1\bin;D:\Program Files\Fiddler;D:\Program Files\MongoDB\Server\4.0\;D:\Program Files\PuTTY\;D:\Program Files\MySQL Server 5.7\bin;D:\Program Files (x86)\Tencent\微信web开发者工具\dll;D:\MapTileDownloader\;C:\Program Files (x86)\PuTTY\;C:\Ruby25-x64\bin;C:\Users\Lenovo\AppData\Local\Microsoft\WindowsApps;C:\Users\Lenovo\AppData\Local\Programs\Microsoft VS Code\bin;D:\Program Files\IntelliJ IDEA Community Edition 2020.1.3\bin;D:\Program Files\IntelliJ IDEA 2020.1.1\bin;D:\Program Files\Fiddler;D:\Program Files\MongoDB\Server\4.0\bin;C:\Users\Lenovo\AppData\Local\Microsoft\WindowsApps;C:\Program Files\Git\cmd;D:\MongoDB\bin;D:\dev\npm;D:\dev\nvm;D:\dev\nodejs;;."/>
    <property name="java.vm.info" value="mixed mode"/>
    <property name="java.vendor" value="Oracle Corporation"/>
    <property name="java.vm.version" value="25.31-b07"/>
    <property name="java.ext.dirs" value="D:\java\jdk-1.8.0_31\jre\lib\ext;C:\WINDOWS\Sun\Java\lib\ext"/>
    <property name="sun.io.unicode.encoding" value="UnicodeLittle"/>
    <property name="maven.repo.local" value="D:\java\apache-maven-3.6.3\repository"/>
    <property name="java.class.version" value="52.0"/>
  </properties>
  <testcase name="shouldAnswerWithTrue" classname="gtrb.mt.AppTest" time="0.004"/>
</testsuite>